Added Component: Designator=C1(0603C)
Add component (AddParameter): Name = "Capacity (nF)"; Value = "1000"; VariantName = "[No Variations]"
Add component (AddParameter): Name = "Case"; Value = ""; VariantName = "[No Variations]"
Add component (AddParameter): Name = "Datasheet"; Value = ""; VariantName = "[No Variations]"
Add component (AddParameter): Name = "Dielectric"; Value = "X7R"; VariantName = "[No Variations]"
Add component (AddParameter): Name = "Library Path2"; Value = "Schematic\Capacitor.SchLib"; VariantName = "[No Variations]"
Add component (AddParameter): Name = "Manufactore"; Value = ""; VariantName = "[No Variations]"
Add component (AddParameter): Name = "Notice"; Value = ""; VariantName = "[No Variations]"
Add component (AddParameter): Name = "Part Number"; Value = "Capacitor_1u_10_50V_X7R_0603C"; VariantName = "[No Variations]"
Add component (AddParameter): Name = "Rate"; Value = ""; VariantName = "[No Variations]"
Add component (AddParameter): Name = "Shop"; Value = ""; VariantName = "[No Variations]"
Add component (AddParameter): Name = "Tolerance"; Value = "0,1"; VariantName = "[No Variations]"
Add component (AddParameter): Name = "Value"; Value = "1 мк"; VariantName = "[No Variations]"
Add component (AddParameter): Name = "Voltage (V)"; Value = "50"; VariantName = "[No Variations]"
Added Component: Designator=C2(0603C)
Add component (AddParameter): Name = "Capacity (nF)"; Value = "100"; VariantName = "[No Variations]"
Add component (AddParameter): Name = "Case"; Value = ""; VariantName = "[No Variations]"
Add component (AddParameter): Name = "Datasheet"; Value = ""; VariantName = "[No Variations]"
Add component (AddParameter): Name = "Dielectric"; Value = "X7R"; VariantName = "[No Variations]"
Add component (AddParameter): Name = "Library Path2"; Value = "Schematic\Capacitor.SchLib"; VariantName = "[No Variations]"
Add component (AddParameter): Name = "Manufactore"; Value = ""; VariantName = "[No Variations]"
Add component (AddParameter): Name = "Notice"; Value = ""; VariantName = "[No Variations]"
Add component (AddParameter): Name = "Part Number"; Value = "Capacitor_0,1u_10_50V_X7R_0603C"; VariantName = "[No Variations]"
Add component (AddParameter): Name = "Rate"; Value = ""; VariantName = "[No Variations]"
Add component (AddParameter): Name = "Shop"; Value = ""; VariantName = "[No Variations]"
Add component (AddParameter): Name = "Tolerance"; Value = "0,1"; VariantName = "[No Variations]"
Add component (AddParameter): Name = "Value"; Value = "0,1 мк"; VariantName = "[No Variations]"
Add component (AddParameter): Name = "Voltage (V)"; Value = "50"; VariantName = "[No Variations]"
Added Component: Designator=C3(0603C)
Add component (AddParameter): Name = "Capacity (nF)"; Value = "220"; VariantName = "[No Variations]"
Add component (AddParameter): Name = "Case"; Value = ""; VariantName = "[No Variations]"
Add component (AddParameter): Name = "Datasheet"; Value = ""; VariantName = "[No Variations]"
Add component (AddParameter): Name = "Dielectric"; Value = "X7R"; VariantName = "[No Variations]"
Add component (AddParameter): Name = "Library Path2"; Value = "Schematic\Capacitor.SchLib"; VariantName = "[No Variations]"
Add component (AddParameter): Name = "Manufactore"; Value = ""; VariantName = "[No Variations]"
Add component (AddParameter): Name = "Notice"; Value = ""; VariantName = "[No Variations]"
Add component (AddParameter): Name = "Part Number"; Value = "Capacitor_0,22u_10_50V_X7R_0603C"; VariantName = "[No Variations]"
Add component (AddParameter): Name = "Rate"; Value = ""; VariantName = "[No Variations]"
Add component (AddParameter): Name = "Shop"; Value = ""; VariantName = "[No Variations]"
Add component (AddParameter): Name = "Tolerance"; Value = "0,1"; VariantName = "[No Variations]"
Add component (AddParameter): Name = "Value"; Value = "0,22 мк"; VariantName = "[No Variations]"
Add component (AddParameter): Name = "Voltage (V)"; Value = "50"; VariantName = "[No Variations]"
Added Component: Designator=C4(CAP_EEVFK1V102M)
Add component (AddParameter): Name = "Capacity (uF)"; Value = "1000"; VariantName = "[No Variations]"
Add component (AddParameter): Name = "Case"; Value = ""; VariantName = "[No Variations]"
Add component (AddParameter): Name = "Datasheet"; Value = ""; VariantName = "[No Variations]"
Add component (AddParameter): Name = "Manufactore"; Value = ""; VariantName = "[No Variations]"
Add component (AddParameter): Name = "Notice"; Value = ""; VariantName = "[No Variations]"
Add component (AddParameter): Name = "Part Number"; Value = "EEVFK1V102M"; VariantName = "[No Variations]"
Add component (AddParameter): Name = "Rate"; Value = ""; VariantName = "[No Variations]"
Add component (AddParameter): Name = "Shop"; Value = ""; VariantName = "[No Variations]"
Add component (AddParameter): Name = "Tolerance"; Value = "20"; VariantName = "[No Variations]"
Add component (AddParameter): Name = "Type"; Value = "SMD Aluminum"; VariantName = "[No Variations]"
Add component (AddParameter): Name = "Value"; Value = "1000 мк"; VariantName = "[No Variations]"
Add component (AddParameter): Name = "Voltage (V)"; Value = "35"; VariantName = "[No Variations]"
Added Component: Designator=C5(0603C)
Add component (AddParameter): Name = "Capacity (nF)"; Value = "68"; VariantName = "[No Variations]"
Add component (AddParameter): Name = "Case"; Value = ""; VariantName = "[No Variations]"
Add component (AddParameter): Name = "Datasheet"; Value = ""; VariantName = "[No Variations]"
Add component (AddParameter): Name = "Dielectric"; Value = "X7R"; VariantName = "[No Variations]"
Add component (AddParameter): Name = "Library Path2"; Value = "Schematic\Capacitor.SchLib"; VariantName = "[No Variations]"
Add component (AddParameter): Name = "Manufactore"; Value = ""; VariantName = "[No Variations]"
Add component (AddParameter): Name = "Notice"; Value = ""; VariantName = "[No Variations]"
Add component (AddParameter): Name = "Part Number"; Value = "Capacitor_68n_10_50V_X7R_0603C"; VariantName = "[No Variations]"
Add component (AddParameter): Name = "Rate"; Value = ""; VariantName = "[No Variations]"
Add component (AddParameter): Name = "Shop"; Value = ""; VariantName = "[No Variations]"
Add component (AddParameter): Name = "Tolerance"; Value = "0,1"; VariantName = "[No Variations]"
Add component (AddParameter): Name = "Value"; Value = "68 н"; VariantName = "[No Variations]"
Add component (AddParameter): Name = "Voltage (V)"; Value = "50"; VariantName = "[No Variations]"
Added Component: Designator=C6(0603C)
Add component (AddParameter): Name = "Capacity (nF)"; Value = "100"; VariantName = "[No Variations]"
Add component (AddParameter): Name = "Case"; Value = ""; VariantName = "[No Variations]"
Add component (AddParameter): Name = "Datasheet"; Value = ""; VariantName = "[No Variations]"
Add component (AddParameter): Name = "Dielectric"; Value = "X7R"; VariantName = "[No Variations]"
Add component (AddParameter): Name = "Library Path2"; Value = "Schematic\Capacitor.SchLib"; VariantName = "[No Variations]"
Add component (AddParameter): Name = "Manufactore"; Value = ""; VariantName = "[No Variations]"
Add component (AddParameter): Name = "Notice"; Value = ""; VariantName = "[No Variations]"
Add component (AddParameter): Name = "Part Number"; Value = "Capacitor_0,1u_10_50V_X7R_0603C"; VariantName = "[No Variations]"
Add component (AddParameter): Name = "Rate"; Value = ""; VariantName = "[No Variations]"
Add component (AddParameter): Name = "Shop"; Value = ""; VariantName = "[No Variations]"
Add component (AddParameter): Name = "Tolerance"; Value = "0,1"; VariantName = "[No Variations]"
Add component (AddParameter): Name = "Value"; Value = "0,1 мк"; VariantName = "[No Variations]"
Add component (AddParameter): Name = "Voltage (V)"; Value = "50"; VariantName = "[No Variations]"
Added Component: Designator=C7(8x12_radial)
Add component (AddParameter): Name = "Capacity (uF)"; Value = "3,3"; VariantName = "[No Variations]"
Add component (AddParameter): Name = "Case"; Value = ""; VariantName = "[No Variations]"
Add component (AddParameter): Name = "Datasheet"; Value = ""; VariantName = "[No Variations]"
Add component (AddParameter): Name = "Manufactore"; Value = ""; VariantName = "[No Variations]"
Add component (AddParameter): Name = "Notice"; Value = ""; VariantName = "[No Variations]"
Add component (AddParameter): Name = "Part Number"; Value = "JRB2G3R3M03500800120000B"; VariantName = "[No Variations]"
Add component (AddParameter): Name = "Rate"; Value = ""; VariantName = "[No Variations]"
Add component (AddParameter): Name = "Shop"; Value = ""; VariantName = "[No Variations]"
Add component (AddParameter): Name = "Tolerance"; Value = "20"; VariantName = "[No Variations]"
Add component (AddParameter): Name = "Type"; Value = "Aluminum"; VariantName = "[No Variations]"
Add component (AddParameter): Name = "Value"; Value = "3.3 мк"; VariantName = "[No Variations]"
Add component (AddParameter): Name = "Voltage (V)"; Value = "400"; VariantName = "[No Variations]"
Added Component: Designator=DA1(uSOP10)
Add component (AddParameter): Name = "Availability"; Value = "In Stock"; VariantName = "[No Variations]"
Add component (AddParameter): Name = "Check_prices"; Value = "https://www.snapeda.com/parts/MAX668EUB+T/Maxim+Integrated/view-part/?ref=eda"; VariantName = "[No Variations]"
Add component (AddParameter): Name = "MF"; Value = "Maxim Integrated"; VariantName = "[No Variations]"
Add component (AddParameter): Name = "MP"; Value = "MAX668EUB+T"; VariantName = "[No Variations]"
Add component (AddParameter): Name = "Package"; Value = "MICROMAX-10 Maxim"; VariantName = "[No Variations]"
Add component (AddParameter): Name = "Part Number"; Value = "MAX668"; VariantName = "[No Variations]"
Add component (AddParameter): Name = "Price"; Value = "None"; VariantName = "[No Variations]"
Add component (AddParameter): Name = "Purchase-URL"; Value = "https://pricing.snapeda.com/search/part/MAX668EUB+T/?ref=eda"; VariantName = "[No Variations]"
Add component (AddParameter): Name = "SnapEDA_Link"; Value = "https://www.snapeda.com/parts/MAX668EUB+T/Maxim+Integrated/view-part/?ref=snap"; VariantName = "[No Variations]"
Add component (AddParameter): Name = "Value"; Value = ""; VariantName = "[No Variations]"
Added Component: Designator=DA2(SOP4-2_54)
Add component (AddParameter): Name = "Check_prices"; Value = "https://www.snapeda.com/parts/LTV816/Lite-On/view-part/?ref=eda"; VariantName = "[No Variations]"
Add component (AddParameter): Name = "Part Number"; Value = "LTV354T"; VariantName = "[No Variations]"
Add component (AddParameter): Name = "SnapEDA_Link"; Value = "https://www.snapeda.com/parts/LTV816/Lite-On/view-part/?ref=snap"; VariantName = "[No Variations]"
Add component (AddParameter): Name = "Value"; Value = ""; VariantName = "[No Variations]"
Added Component: Designator=DA3(SOT23-3)
Add component (AddParameter): Name = "Part Number"; Value = "UMW TL431 0.5%"; VariantName = "[No Variations]"
Added Component: Designator=L1(IHLP-4040)
Add component (AddParameter): Name = "Current (A)"; Value = "3,3"; VariantName = "[No Variations]"
Add component (AddParameter): Name = "Inductance (?H)"; Value = "100"; VariantName = "[No Variations]"
Add component (AddParameter): Name = "Part Number"; Value = "IHLP4040DZER101M11"; VariantName = "[No Variations]"
Add component (AddParameter): Name = "Value"; Value = "100 мк"; VariantName = "[No Variations]"
Added Component: Designator=R1(0603R)
Add component (AddParameter): Name = "Case"; Value = ""; VariantName = "[No Variations]"
Add component (AddParameter): Name = "Datasheet"; Value = ""; VariantName = "[No Variations]"
Add component (AddParameter): Name = "Manufactore"; Value = ""; VariantName = "[No Variations]"
Add component (AddParameter): Name = "Notice"; Value = ""; VariantName = "[No Variations]"
Add component (AddParameter): Name = "Part Number"; Value = "Resistor_100k_1_0603"; VariantName = "[No Variations]"
Add component (AddParameter): Name = "Power"; Value = ""; VariantName = "[No Variations]"
Add component (AddParameter): Name = "Rate"; Value = ""; VariantName = "[No Variations]"
Add component (AddParameter): Name = "Shop"; Value = ""; VariantName = "[No Variations]"
Add component (AddParameter): Name = "Tolerance"; Value = "1%"; VariantName = "[No Variations]"
Add component (AddParameter): Name = "Value"; Value = "100 к"; VariantName = "[No Variations]"
Added Component: Designator=R2(0603R)
Add component (AddParameter): Name = "Case"; Value = ""; VariantName = "[No Variations]"
Add component (AddParameter): Name = "Datasheet"; Value = ""; VariantName = "[No Variations]"
Add component (AddParameter): Name = "Manufactore"; Value = ""; VariantName = "[No Variations]"
Add component (AddParameter): Name = "Notice"; Value = ""; VariantName = "[No Variations]"
Add component (AddParameter): Name = "Part Number"; Value = "Resistor_36k_1_0603"; VariantName = "[No Variations]"
Add component (AddParameter): Name = "Power"; Value = ""; VariantName = "[No Variations]"
Add component (AddParameter): Name = "Rate"; Value = ""; VariantName = "[No Variations]"
Add component (AddParameter): Name = "Shop"; Value = ""; VariantName = "[No Variations]"
Add component (AddParameter): Name = "Tolerance"; Value = "1%"; VariantName = "[No Variations]"
Add component (AddParameter): Name = "Value"; Value = "36 к"; VariantName = "[No Variations]"
Added Component: Designator=R3(2512R)
Add component (AddParameter): Name = "Case"; Value = ""; VariantName = "[No Variations]"
Add component (AddParameter): Name = "Datasheet"; Value = ""; VariantName = "[No Variations]"
Add component (AddParameter): Name = "Manufactore"; Value = ""; VariantName = "[No Variations]"
Add component (AddParameter): Name = "Notice"; Value = ""; VariantName = "[No Variations]"
Add component (AddParameter): Name = "Part Number"; Value = "CRE2512-FZ-R005E-3"; VariantName = "[No Variations]"
Add component (AddParameter): Name = "Power"; Value = ""; VariantName = "[No Variations]"
Add component (AddParameter): Name = "Rate"; Value = ""; VariantName = "[No Variations]"
Add component (AddParameter): Name = "Shop"; Value = ""; VariantName = "[No Variations]"
Add component (AddParameter): Name = "Tolerance"; Value = "1%"; VariantName = "[No Variations]"
Add component (AddParameter): Name = "Value"; Value = "5 м"; VariantName = "[No Variations]"
Added Component: Designator=R4(0603R)
Add component (AddParameter): Name = "Case"; Value = ""; VariantName = "[No Variations]"
Add component (AddParameter): Name = "Datasheet"; Value = ""; VariantName = "[No Variations]"
Add component (AddParameter): Name = "Manufactore"; Value = ""; VariantName = "[No Variations]"
Add component (AddParameter): Name = "Notice"; Value = ""; VariantName = "[No Variations]"
Add component (AddParameter): Name = "Part Number"; Value = "Resistor_620_1_0603"; VariantName = "[No Variations]"
Add component (AddParameter): Name = "Power"; Value = ""; VariantName = "[No Variations]"
Add component (AddParameter): Name = "Rate"; Value = ""; VariantName = "[No Variations]"
Add component (AddParameter): Name = "Shop"; Value = ""; VariantName = "[No Variations]"
Add component (AddParameter): Name = "Tolerance"; Value = "1%"; VariantName = "[No Variations]"
Add component (AddParameter): Name = "Value"; Value = "620"; VariantName = "[No Variations]"
Added Component: Designator=R5(0603R)
Add component (AddParameter): Name = "Case"; Value = ""; VariantName = "[No Variations]"
Add component (AddParameter): Name = "Datasheet"; Value = ""; VariantName = "[No Variations]"
Add component (AddParameter): Name = "Manufactore"; Value = ""; VariantName = "[No Variations]"
Add component (AddParameter): Name = "Notice"; Value = ""; VariantName = "[No Variations]"
Add component (AddParameter): Name = "Part Number"; Value = "Resistor_18k_1_0603"; VariantName = "[No Variations]"
Add component (AddParameter): Name = "Power"; Value = ""; VariantName = "[No Variations]"
Add component (AddParameter): Name = "Rate"; Value = ""; VariantName = "[No Variations]"
Add component (AddParameter): Name = "Shop"; Value = ""; VariantName = "[No Variations]"
Add component (AddParameter): Name = "Tolerance"; Value = "1%"; VariantName = "[No Variations]"
Add component (AddParameter): Name = "Value"; Value = "18 к"; VariantName = "[No Variations]"
Added Component: Designator=R6(0603R)
Add component (AddParameter): Name = "Case"; Value = ""; VariantName = "[No Variations]"
Add component (AddParameter): Name = "Datasheet"; Value = ""; VariantName = "[No Variations]"
Add component (AddParameter): Name = "Manufactore"; Value = ""; VariantName = "[No Variations]"
Add component (AddParameter): Name = "Notice"; Value = ""; VariantName = "[No Variations]"
Add component (AddParameter): Name = "Part Number"; Value = "Resistor_430k_1_0603"; VariantName = "[No Variations]"
Add component (AddParameter): Name = "Power"; Value = ""; VariantName = "[No Variations]"
Add component (AddParameter): Name = "Rate"; Value = ""; VariantName = "[No Variations]"
Add component (AddParameter): Name = "Shop"; Value = ""; VariantName = "[No Variations]"
Add component (AddParameter): Name = "Tolerance"; Value = "1%"; VariantName = "[No Variations]"
Add component (AddParameter): Name = "Value"; Value = "430 к"; VariantName = "[No Variations]"
Added Component: Designator=R7(0603R)
Add component (AddParameter): Name = "Case"; Value = ""; VariantName = "[No Variations]"
Add component (AddParameter): Name = "Datasheet"; Value = ""; VariantName = "[No Variations]"
Add component (AddParameter): Name = "Manufactore"; Value = ""; VariantName = "[No Variations]"
Add component (AddParameter): Name = "Notice"; Value = ""; VariantName = "[No Variations]"
Add component (AddParameter): Name = "Part Number"; Value = "Resistor_39k_1_0603"; VariantName = "[No Variations]"
Add component (AddParameter): Name = "Power"; Value = ""; VariantName = "[No Variations]"
Add component (AddParameter): Name = "Rate"; Value = ""; VariantName = "[No Variations]"
Add component (AddParameter): Name = "Shop"; Value = ""; VariantName = "[No Variations]"
Add component (AddParameter): Name = "Tolerance"; Value = "1%"; VariantName = "[No Variations]"
Add component (AddParameter): Name = "Value"; Value = "39 к"; VariantName = "[No Variations]"
Added Component: Designator=R8(0603R)
Add component (AddParameter): Name = "Case"; Value = ""; VariantName = "[No Variations]"
Add component (AddParameter): Name = "Datasheet"; Value = ""; VariantName = "[No Variations]"
Add component (AddParameter): Name = "Manufactore"; Value = ""; VariantName = "[No Variations]"
Add component (AddParameter): Name = "Notice"; Value = ""; VariantName = "[No Variations]"
Add component (AddParameter): Name = "Part Number"; Value = "Resistor_10k_1_0603"; VariantName = "[No Variations]"
Add component (AddParameter): Name = "Power"; Value = ""; VariantName = "[No Variations]"
Add component (AddParameter): Name = "Rate"; Value = ""; VariantName = "[No Variations]"
Add component (AddParameter): Name = "Shop"; Value = ""; VariantName = "[No Variations]"
Add component (AddParameter): Name = "Tolerance"; Value = "1%"; VariantName = "[No Variations]"
Add component (AddParameter): Name = "Value"; Value = "10 к"; VariantName = "[No Variations]"
Added Component: Designator=R9(0603R)
Add component (AddParameter): Name = "Case"; Value = ""; VariantName = "[No Variations]"
Add component (AddParameter): Name = "Datasheet"; Value = ""; VariantName = "[No Variations]"
Add component (AddParameter): Name = "Manufactore"; Value = ""; VariantName = "[No Variations]"
Add component (AddParameter): Name = "Notice"; Value = ""; VariantName = "[No Variations]"
Add component (AddParameter): Name = "Part Number"; Value = "Resistor_10k_1_0603"; VariantName = "[No Variations]"
Add component (AddParameter): Name = "Power"; Value = ""; VariantName = "[No Variations]"
Add component (AddParameter): Name = "Rate"; Value = ""; VariantName = "[No Variations]"
Add component (AddParameter): Name = "Shop"; Value = ""; VariantName = "[No Variations]"
Add component (AddParameter): Name = "Tolerance"; Value = "1%"; VariantName = "[No Variations]"
Add component (AddParameter): Name = "Value"; Value = "10 к"; VariantName = "[No Variations]"
Added Component: Designator=R10(0603R)
Add component (AddParameter): Name = "Case"; Value = ""; VariantName = "[No Variations]"
Add component (AddParameter): Name = "Datasheet"; Value = ""; VariantName = "[No Variations]"
Add component (AddParameter): Name = "Manufactore"; Value = ""; VariantName = "[No Variations]"
Add component (AddParameter): Name = "Notice"; Value = ""; VariantName = "[No Variations]"
Add component (AddParameter): Name = "Part Number"; Value = "Resistor_10k_1_0603"; VariantName = "[No Variations]"
Add component (AddParameter): Name = "Power"; Value = ""; VariantName = "[No Variations]"
Add component (AddParameter): Name = "Rate"; Value = ""; VariantName = "[No Variations]"
Add component (AddParameter): Name = "Shop"; Value = ""; VariantName = "[No Variations]"
Add component (AddParameter): Name = "Tolerance"; Value = "1%"; VariantName = "[No Variations]"
Add component (AddParameter): Name = "Value"; Value = "10 к"; VariantName = "[No Variations]"
Added Component: Designator=R11(0603R)
Add component (AddParameter): Name = "Case"; Value = ""; VariantName = "[No Variations]"
Add component (AddParameter): Name = "Datasheet"; Value = ""; VariantName = "[No Variations]"
Add component (AddParameter): Name = "Manufactore"; Value = ""; VariantName = "[No Variations]"
Add component (AddParameter): Name = "Notice"; Value = ""; VariantName = "[No Variations]"
Add component (AddParameter): Name = "Part Number"; Value = "Resistor_3.3k_1_0603"; VariantName = "[No Variations]"
Add component (AddParameter): Name = "Power"; Value = ""; VariantName = "[No Variations]"
Add component (AddParameter): Name = "Rate"; Value = ""; VariantName = "[No Variations]"
Add component (AddParameter): Name = "Shop"; Value = ""; VariantName = "[No Variations]"
Add component (AddParameter): Name = "Tolerance"; Value = "1%"; VariantName = "[No Variations]"
Add component (AddParameter): Name = "Value"; Value = "3,3 к"; VariantName = "[No Variations]"
Added Component: Designator=T1(M20VN)
Added Component: Designator=VD1(SMC)
Add component (AddParameter): Name = "Part Number"; Value = "SM15T33A"; VariantName = "[No Variations]"
Add component (AddParameter): Name = "Power (W)"; Value = "1500"; VariantName = "[No Variations]"
Add component (AddParameter): Name = "Value"; Value = "30 В"; VariantName = "[No Variations]"
Add component (AddParameter): Name = "Voltage nominal (V)"; Value = "30"; VariantName = "[No Variations]"
Added Component: Designator=VD2(SMB)
Add component (AddParameter): Name = "Current (A)"; Value = "2"; VariantName = "[No Variations]"
Add component (AddParameter): Name = "Part Number"; Value = "S2M"; VariantName = "[No Variations]"
Add component (AddParameter): Name = "Repetitive peak reverse voltage (Vrrm)"; Value = "1000"; VariantName = "[No Variations]"
Added Component: Designator=VD3(SMB)
Add component (AddParameter): Name = "Current (A)"; Value = "2"; VariantName = "[No Variations]"
Add component (AddParameter): Name = "Part Number"; Value = "S2M"; VariantName = "[No Variations]"
Add component (AddParameter): Name = "Repetitive peak reverse voltage (Vrrm)"; Value = "1000"; VariantName = "[No Variations]"
Added Component: Designator=VD4(SMC)
Add component (AddParameter): Name = "Part Number"; Value = "SM15T33A"; VariantName = "[No Variations]"
Add component (AddParameter): Name = "Power (W)"; Value = "1500"; VariantName = "[No Variations]"
Add component (AddParameter): Name = "Value"; Value = "30 В"; VariantName = "[No Variations]"
Add component (AddParameter): Name = "Voltage nominal (V)"; Value = "30"; VariantName = "[No Variations]"
Added Component: Designator=VT1(DPAK)
Add component (AddParameter): Name = "Part Number"; Value = "50N06"; VariantName = "[No Variations]"
Add component (AddParameter): Name = "Напряжение С-И/К-Э"; Value = "60 В"; VariantName = "[No Variations]"
Add component (AddParameter): Name = "Ток макс#"; Value = "50 А"; VariantName = "[No Variations]"
Added Component: Designator=X1(XT30UPB-M)
Add component (AddParameter): Name = "Part Number"; Value = "XT30UPB-M"; VariantName = "[No Variations]"
Add component (AddParameter): Name = "Value1"; Value = "12-25.2В"; VariantName = "[No Variations]"
Add component (AddParameter): Name = "Value2"; Value = "Общий"; VariantName = "[No Variations]"
Added Pin To Net: NetName=GND Pin=C1-1
Added Pin To Net: NetName=+15 Pin=C1-2
Added Pin To Net: NetName=GND Pin=C2-1
Added Pin To Net: NetName=+15 Pin=C2-2
Added Pin To Net: NetName=GND Pin=C3-1
Added Pin To Net: NetName=NetC3_2 Pin=C3-2
Added Pin To Net: NetName=+15 Pin=C4-1
Added Pin To Net: NetName=GND Pin=C4-2
Added Pin To Net: NetName=GND Pin=C5-1
Added Pin To Net: NetName=NetC5_2 Pin=C5-2
Added Pin To Net: NetName=NetC6_1 Pin=C6-1
Added Pin To Net: NetName=NetC6_2 Pin=C6-2
Added Pin To Net: NetName=+300 Pin=C7-1
Added Pin To Net: NetName=NetC7_2 Pin=C7-2
Added Pin To Net: NetName=+15 Pin=DA1-1
Added Pin To Net: NetName=NetDA1_2 Pin=DA1-2
Added Pin To Net: NetName=GND Pin=DA1-3
Added Pin To Net: NetName=NetC3_2 Pin=DA1-4
Added Pin To Net: NetName=NetC5_2 Pin=DA1-5
Added Pin To Net: NetName=NetDA1_6 Pin=DA1-6
Added Pin To Net: NetName=GND Pin=DA1-7
Added Pin To Net: NetName=NetDA1_8 Pin=DA1-8
Added Pin To Net: NetName=+15 Pin=DA1-9
Added Pin To Net: NetName=+15 Pin=DA1-10
Added Pin To Net: NetName=NetDA2_1 Pin=DA2-1
Added Pin To Net: NetName=NetC6_1 Pin=DA2-2
Added Pin To Net: NetName=NetC5_2 Pin=DA2-3
Added Pin To Net: NetName=+15 Pin=DA2-4
Added Pin To Net: NetName=NetC6_2 Pin=DA3-1
Added Pin To Net: NetName=NetC6_1 Pin=DA3-2
Added Pin To Net: NetName=GND_HV Pin=DA3-3
Added Pin To Net: NetName=NetL1_1 Pin=L1-1
Added Pin To Net: NetName=+300 Pin=L1-2
Added Pin To Net: NetName=GND Pin=R1-1
Added Pin To Net: NetName=NetDA1_2 Pin=R1-2
Added Pin To Net: NetName=NetC5_2 Pin=R2-1
Added Pin To Net: NetName=+15 Pin=R2-2
Added Pin To Net: NetName=GND Pin=R3-1
Added Pin To Net: NetName=NetDA1_6 Pin=R3-2
Added Pin To Net: NetName=GND Pin=R4-1
Added Pin To Net: NetName=NetC5_2 Pin=R4-2
Added Pin To Net: NetName=NetDA2_1 Pin=R5-1
Added Pin To Net: NetName=NetR5_2 Pin=R5-2
Added Pin To Net: NetName=NetR5_2 Pin=R6-1
Added Pin To Net: NetName=NetC6_2 Pin=R6-2
Added Pin To Net: NetName=GND_HV Pin=R7-1
Added Pin To Net: NetName=NetC6_2 Pin=R7-2
Added Pin To Net: NetName=NetR8_1 Pin=R8-1
Added Pin To Net: NetName=+300 Pin=R8-2
Added Pin To Net: NetName=NetR9_1 Pin=R9-1
Added Pin To Net: NetName=NetR8_1 Pin=R9-2
Added Pin To Net: NetName=NetR5_2 Pin=R10-1
Added Pin To Net: NetName=NetR9_1 Pin=R10-2
Added Pin To Net: NetName=GND_HV Pin=R11-1
Added Pin To Net: NetName=NetR5_2 Pin=R11-2
Add Pin To Net: Unknown Pin: Pin T1-1
Add Pin To Net: Unknown Pin: Pin T1-2
Add Pin To Net: Unknown Pin: Pin T1-3
Add Pin To Net: Unknown Pin: Pin T1-4
Added Pin To Net: NetName=NetDA1_6 Pin=VD1-1
Added Pin To Net: NetName=NetT1_2 Pin=VD1-2
Added Pin To Net: NetName=NetT1_3 Pin=VD2-1
Added Pin To Net: NetName=NetL1_1 Pin=VD2-2
Added Pin To Net: NetName=NetC7_2 Pin=VD3-1
Added Pin To Net: NetName=NetL1_1 Pin=VD3-2
Added Pin To Net: NetName=GND_HV Pin=VD4-1
Added Pin To Net: NetName=NetR5_2 Pin=VD4-2
Added Pin To Net: NetName=NetDA1_8 Pin=VT1-1
Added Pin To Net: NetName=NetT1_2 Pin=VT1-2
Added Pin To Net: NetName=GND Pin=X1-N
Added Pin To Net: NetName=+15 Pin=X1-P
Added Member To Class: ClassName=dcdc300v Member=Component C1 Capacitor
Added Member To Class: ClassName=dcdc300v Member=Component C2 Capacitor
Added Member To Class: ClassName=dcdc300v Member=Component C3 Capacitor
Added Member To Class: ClassName=dcdc300v Member=Component C4 Capacitor
Added Member To Class: ClassName=dcdc300v Member=Component C5 Capacitor
Added Member To Class: ClassName=dcdc300v Member=Component C6 Capacitor
Added Member To Class: ClassName=dcdc300v Member=Component C7 Capacitor
Added Member To Class: ClassName=dcdc300v Member=Component DA1 MAX668
Added Member To Class: ClassName=dcdc300v Member=Component DA2 LTV354T
Added Member To Class: ClassName=dcdc300v Member=Component DA3 UMW TL431 0.5%
Added Member To Class: ClassName=dcdc300v Member=Component L1 IHLP4040DZER101M11
Added Member To Class: ClassName=dcdc300v Member=Component R1 Resistor
Added Member To Class: ClassName=dcdc300v Member=Component R2 Resistor
Added Member To Class: ClassName=dcdc300v Member=Component R3 Resistor
Added Member To Class: ClassName=dcdc300v Member=Component R4 Resistor
Added Member To Class: ClassName=dcdc300v Member=Component R5 Resistor
Added Member To Class: ClassName=dcdc300v Member=Component R6 Resistor
Added Member To Class: ClassName=dcdc300v Member=Component R7 Resistor
Added Member To Class: ClassName=dcdc300v Member=Component R8 Resistor
Added Member To Class: ClassName=dcdc300v Member=Component R9 Resistor
Added Member To Class: ClassName=dcdc300v Member=Component R10 Resistor
Added Member To Class: ClassName=dcdc300v Member=Component R11 Resistor
Add Class Member: Failed to add class member : Component T1 M20VN
Added Member To Class: ClassName=dcdc300v Member=Component VD1 SM15T33A
Added Member To Class: ClassName=dcdc300v Member=Component VD2 S2M
Added Member To Class: ClassName=dcdc300v Member=Component VD3 S2M
Added Member To Class: ClassName=dcdc300v Member=Component VD4 SM15T33A
Added Member To Class: ClassName=dcdc300v Member=Component VT1 50N06
Added Member To Class: ClassName=dcdc300v Member=Component X1 XT30UPB-M
