Added Component: Designator=DA1(uSOP10)
Add component (AddParameter): Name = "Availability"; Value = "In Stock"; VariantName = "[No Variations]"
Add component (AddParameter): Name = "Check_prices"; Value = "https://www.snapeda.com/parts/MAX668EUB+T/Maxim+Integrated/view-part/?ref=eda"; VariantName = "[No Variations]"
Add component (AddParameter): Name = "MF"; Value = "Maxim Integrated"; VariantName = "[No Variations]"
Add component (AddParameter): Name = "MP"; Value = "MAX668EUB+T"; VariantName = "[No Variations]"
Add component (AddParameter): Name = "Package"; Value = "MICROMAX-10 Maxim"; VariantName = "[No Variations]"
Add component (AddParameter): Name = "Part Number"; Value = "MAX668"; VariantName = "[No Variations]"
Add component (AddParameter): Name = "Price"; Value = "None"; VariantName = "[No Variations]"
Add component (AddParameter): Name = "Purchase-URL"; Value = "https://pricing.snapeda.com/search/part/MAX668EUB+T/?ref=eda"; VariantName = "[No Variations]"
Add component (AddParameter): Name = "SnapEDA_Link"; Value = "https://www.snapeda.com/parts/MAX668EUB+T/Maxim+Integrated/view-part/?ref=snap"; VariantName = "[No Variations]"
Add component (AddParameter): Name = "Value"; Value = ""; VariantName = "[No Variations]"
Added Component: Designator=T1(M20VN)
Added Pin To Net: NetName=+15 Pin=DA1-1
Added Pin To Net: NetName=NetDA1_2 Pin=DA1-2
Added Pin To Net: NetName=GND Pin=DA1-3
Added Pin To Net: NetName=NetC3_2 Pin=DA1-4
Added Pin To Net: NetName=NetC5_2 Pin=DA1-5
Added Pin To Net: NetName=NetDA1_6 Pin=DA1-6
Added Pin To Net: NetName=GND Pin=DA1-7
Added Pin To Net: NetName=NetDA1_8 Pin=DA1-8
Added Pin To Net: NetName=+15 Pin=DA1-9
Added Pin To Net: NetName=+15 Pin=DA1-10
Add Pin To Net: Unknown Pin: Pin T1-1
Add Pin To Net: Unknown Pin: Pin T1-2
Add Pin To Net: Unknown Pin: Pin T1-3
Add Pin To Net: Unknown Pin: Pin T1-4
Added Member To Class: ClassName=dcdc300v Member=Component DA1 MAX668
Add Class Member: Failed to add class member : Component T1 M20VN
