Removed Pin From Net: NetName=GND_HV Pin=C8-1
Removed Pin From Net: NetName=GND_HV Pin=C9-1
Removed Pin From Net: NetName=GND Pin=D1-1
Removed Pin From Net: NetName=+15 Pin=D1-3
Removed Pin From Net: NetName=GND Pin=DA4-2
Removed Pin From Net: NetName=GND Pin=DD1-1
Removed Pin From Net: NetName=GND Pin=DD1-3
Removed Pin From Net: NetName=GND_HV Pin=R15-1
Removed Pin From Net: NetName=+300 Pin=R16-2
Removed Pin From Net: NetName=+300 Pin=R17-2
Removed Pin From Net: NetName=GND_HV Pin=T?-10
Removed Pin From Net: NetName=GND_HV Pin=VD5-1
Removed Pin From Net: NetName=GND_HV Pin=VS1-1
Removed Pin From Net: NetName=GND Pin=XP1-0
Removed Pin From Net: NetName=GND Pin=XP1-0
Removed Pin From Net: NetName=GND Pin=XP1-2
Removed Pin From Net: NetName=GND_HV Pin=XP2-0
Removed Pin From Net: NetName=GND_HV Pin=XP2-0
Removed Pin From Net: NetName=+300 Pin=XP2-1
Removed Pin From Net: NetName=GND_HV Pin=XP2-3
Removed Pin From Net: NetName=GND_HV Pin=XP2-4
