Removed Pin From Net: NetName=+15 Pin=C1-2
Removed Pin From Net: NetName=+15 Pin=C2-2
Removed Pin From Net: NetName=+15 Pin=C4-1
Removed Pin From Net: NetName=+15 Pin=DA2-4
Removed Pin From Net: NetName=+15 Pin=R2-2
Removed Pin From Net: NetName=+15 Pin=T1-1
Removed Pin From Net: NetName=+15 Pin=X1-P
Removed Pin From Net: NetName=+15 Pin=XP1-1
Added Component: Designator=C8(CAP_EEVFK1V102M)
Add component (AddParameter): Name = "Capacity (uF)"; Value = "1000"; VariantName = "[No Variations]"
Add component (AddParameter): Name = "Case"; Value = ""; VariantName = "[No Variations]"
Add component (AddParameter): Name = "Datasheet"; Value = ""; VariantName = "[No Variations]"
Add component (AddParameter): Name = "Manufactore"; Value = ""; VariantName = "[No Variations]"
Add component (AddParameter): Name = "Notice"; Value = ""; VariantName = "[No Variations]"
Add component (AddParameter): Name = "Part Number"; Value = "EEVFK1V102M"; VariantName = "[No Variations]"
Add component (AddParameter): Name = "Rate"; Value = ""; VariantName = "[No Variations]"
Add component (AddParameter): Name = "Shop"; Value = ""; VariantName = "[No Variations]"
Add component (AddParameter): Name = "Tolerance"; Value = "20"; VariantName = "[No Variations]"
Add component (AddParameter): Name = "Type"; Value = "SMD Aluminum"; VariantName = "[No Variations]"
Add component (AddParameter): Name = "Value"; Value = "1000 לך"; VariantName = "[No Variations]"
Add component (AddParameter): Name = "Voltage (V)"; Value = "35"; VariantName = "[No Variations]"
Added Pin To Net: NetName=GND Pin=C1-2
Added Pin To Net: NetName=GND Pin=C2-2
Added Pin To Net: NetName=GND Pin=C4-1
Added Pin To Net: NetName=+15 Pin=C8-1
Added Pin To Net: NetName=GND Pin=C8-2
Added Pin To Net: NetName=GND Pin=DA2-4
Added Pin To Net: NetName=GND Pin=R2-2
Added Pin To Net: NetName=GND Pin=T1-1
Added Pin To Net: NetName=GND Pin=X1-P
Added Pin To Net: NetName=GND Pin=XP1-1
Change Net Name : Old Net Name=+15 New Net Name=NetC8_1
Change Net Name : Old Net Name=GND New Net Name=+15
Added Member To Class: ClassName=dcdc300v Member=Component C8 Capacitor
