Removed Member From Class: ClassName=Synchronizer Member=XP?
Change Component Footprint: Designator=XP? Old Footprint=CWF-2 New Footprint=CWF-2
Change Component Designator: OldDesignator=C3 NewDesignator=C6
Change Component Designator: OldDesignator=C4 NewDesignator=C3
Change Component Designator: OldDesignator=C5 NewDesignator=C4
Change Component Designator: OldDesignator=C6 NewDesignator=C5
Change Component Designator: OldDesignator=R1 NewDesignator=R5
Change Component Designator: OldDesignator=R2 NewDesignator=R6
Change Component Designator: OldDesignator=R4 NewDesignator=R1
Change Component Designator: OldDesignator=R5 NewDesignator=R2
Change Component Designator: OldDesignator=R6 NewDesignator=R4
Change Component Designator: OldDesignator=XP1 NewDesignator=XP5
Change Component Designator: OldDesignator=XP4 NewDesignator=XP2
Change Component Designator: OldDesignator=XP? NewDesignator=XP1
Added Component: Designator=XP4(9774030151)
Add component (AddParameter): Name = "Datasheet"; Value = "https://aliexpress.ru/item/1005005620368789.html?sku_id=12000033777723210&srcSns=sns_More&businessType=ProductDetail&spreadType=socialShare&tt=MG&utm_medium=sharing"; VariantName = "[No Variations]"
Add component (AddParameter): Name = "Part Number"; Value = "SMT_spacer_nut"; VariantName = "[No Variations]"
Add component (AddParameter): Name = "Value1"; Value = "{Value1}"; VariantName = "[No Variations]"
Added Pin To Net: NetName=GND_HV Pin=XP4-1
Change Net Name : Old Net Name=NetC3_2 New Net Name=NetC6_2
Change Net Name : Old Net Name=NetC5_2 New Net Name=NetC4_2
Added Member To Class: ClassName=Synchronizer Member=Component XP4 SMT spacer
Added Member To Class: ClassName=Synchronizer Member=Component XP5 MPW-3
