Added Component: Designator=XP?(PBD40_8.5)
Add component (AddParameter): Name = "Part Number"; Value = "PBD-40"; VariantName = "[No Variations]"
Add component (AddParameter): Name = "System"; Value = "Connector"; VariantName = "[No Variations]"
Add component (AddParameter): Name = "Value1"; Value = "{Value1}"; VariantName = "[No Variations]"
Add component (AddParameter): Name = "Value2"; Value = "{Value2}"; VariantName = "[No Variations]"
Add component (AddParameter): Name = "Value3"; Value = "{Value3}"; VariantName = "[No Variations]"
Add component (AddParameter): Name = "Value4"; Value = "{Value4}"; VariantName = "[No Variations]"
Add component (AddParameter): Name = "Value5"; Value = "{Value5}"; VariantName = "[No Variations]"
Add component (AddParameter): Name = "Value6"; Value = "{Value6}"; VariantName = "[No Variations]"
Add component (AddParameter): Name = "Value7"; Value = "{Value7}"; VariantName = "[No Variations]"
Add component (AddParameter): Name = "Value8"; Value = "{Value8}"; VariantName = "[No Variations]"
Add component (AddParameter): Name = "Value9"; Value = "{Value9}"; VariantName = "[No Variations]"
Add component (AddParameter): Name = "Value10"; Value = "{Value10}"; VariantName = "[No Variations]"
Add component (AddParameter): Name = "Value11"; Value = "{Value11}"; VariantName = "[No Variations]"
Add component (AddParameter): Name = "Value12"; Value = "{Value12}"; VariantName = "[No Variations]"
Add component (AddParameter): Name = "Value13"; Value = "{Value13}"; VariantName = "[No Variations]"
Add component (AddParameter): Name = "Value14"; Value = "{Value14}"; VariantName = "[No Variations]"
Add component (AddParameter): Name = "Value15"; Value = "{Value15}"; VariantName = "[No Variations]"
Add component (AddParameter): Name = "Value16"; Value = "{Value16}"; VariantName = "[No Variations]"
Add component (AddParameter): Name = "Value17"; Value = "{Value17}"; VariantName = "[No Variations]"
Add component (AddParameter): Name = "Value18"; Value = "{Value18}"; VariantName = "[No Variations]"
Add component (AddParameter): Name = "Value19"; Value = "{Value19}"; VariantName = "[No Variations]"
Add component (AddParameter): Name = "Value20"; Value = "{Value20}"; VariantName = "[No Variations]"
Add component (AddParameter): Name = "Value21"; Value = "{Value21}"; VariantName = "[No Variations]"
Add component (AddParameter): Name = "Value22"; Value = "{Value22}"; VariantName = "[No Variations]"
Add component (AddParameter): Name = "Value23"; Value = "{Value23}"; VariantName = "[No Variations]"
Add component (AddParameter): Name = "Value24"; Value = "{Value24}"; VariantName = "[No Variations]"
Add component (AddParameter): Name = "Value25"; Value = "{Value25}"; VariantName = "[No Variations]"
Add component (AddParameter): Name = "Value26"; Value = "{Value26}"; VariantName = "[No Variations]"
Add component (AddParameter): Name = "Value27"; Value = "{Value27}"; VariantName = "[No Variations]"
Add component (AddParameter): Name = "Value28"; Value = "{Value28}"; VariantName = "[No Variations]"
Add component (AddParameter): Name = "Value29"; Value = "{Value29}"; VariantName = "[No Variations]"
Add component (AddParameter): Name = "Value30"; Value = "{Value30}"; VariantName = "[No Variations]"
Add component (AddParameter): Name = "Value31"; Value = "{Value31}"; VariantName = "[No Variations]"
Add component (AddParameter): Name = "Value32"; Value = "{Value32}"; VariantName = "[No Variations]"
Add component (AddParameter): Name = "Value33"; Value = "{Value33}"; VariantName = "[No Variations]"
Add component (AddParameter): Name = "Value34"; Value = "{Value34}"; VariantName = "[No Variations]"
Add component (AddParameter): Name = "Value35"; Value = "{Value35}"; VariantName = "[No Variations]"
Add component (AddParameter): Name = "Value36"; Value = "{Value36}"; VariantName = "[No Variations]"
Add component (AddParameter): Name = "Value37"; Value = "{Value37}"; VariantName = "[No Variations]"
Add component (AddParameter): Name = "Value38"; Value = "{Value38}"; VariantName = "[No Variations]"
Add component (AddParameter): Name = "Value39"; Value = "{Value39}"; VariantName = "[No Variations]"
Add component (AddParameter): Name = "Value40"; Value = "{Value40}"; VariantName = "[No Variations]"
Added Pin To Net: NetName=NetDD1_2 Pin=XP?-12
Added Pin To Net: NetName=GND Pin=XP?-13
Added Member To Class: ClassName=Synchronizer Member=Component XP? PBD-40
