Added Component: Designator=C1(1812C)
Add component (AddParameter): Name = "Capacity (nF)"; Value = "100"; VariantName = "[No Variations]"
Add component (AddParameter): Name = "Case"; Value = ""; VariantName = "[No Variations]"
Add component (AddParameter): Name = "Datasheet"; Value = ""; VariantName = "[No Variations]"
Add component (AddParameter): Name = "Dielectric"; Value = "X7R"; VariantName = "[No Variations]"
Add component (AddParameter): Name = "Library Path2"; Value = "Schematic\Capacitor.SchLib"; VariantName = "[No Variations]"
Add component (AddParameter): Name = "Manufactore"; Value = ""; VariantName = "[No Variations]"
Add component (AddParameter): Name = "Notice"; Value = ""; VariantName = "[No Variations]"
Add component (AddParameter): Name = "Part Number"; Value = "Capacitor_0,1u_10_1000V_X7R_1812C"; VariantName = "[No Variations]"
Add component (AddParameter): Name = "Rate"; Value = ""; VariantName = "[No Variations]"
Add component (AddParameter): Name = "Shop"; Value = ""; VariantName = "[No Variations]"
Add component (AddParameter): Name = "Tolerance"; Value = "0,1"; VariantName = "[No Variations]"
Add component (AddParameter): Name = "Value"; Value = "0,1 мк"; VariantName = "[No Variations]"
Add component (AddParameter): Name = "Voltage (V)"; Value = "1000"; VariantName = "[No Variations]"
Added Component: Designator=C2(0603C)
Add component (AddParameter): Name = "Capacity (nF)"; Value = "1000"; VariantName = "[No Variations]"
Add component (AddParameter): Name = "Case"; Value = ""; VariantName = "[No Variations]"
Add component (AddParameter): Name = "Datasheet"; Value = ""; VariantName = "[No Variations]"
Add component (AddParameter): Name = "Dielectric"; Value = "X7R"; VariantName = "[No Variations]"
Add component (AddParameter): Name = "Library Path2"; Value = "Schematic\Capacitor.SchLib"; VariantName = "[No Variations]"
Add component (AddParameter): Name = "Manufactore"; Value = ""; VariantName = "[No Variations]"
Add component (AddParameter): Name = "Notice"; Value = ""; VariantName = "[No Variations]"
Add component (AddParameter): Name = "Part Number"; Value = "Capacitor_1u_10_50V_X7R_0603C"; VariantName = "[No Variations]"
Add component (AddParameter): Name = "Rate"; Value = ""; VariantName = "[No Variations]"
Add component (AddParameter): Name = "Shop"; Value = ""; VariantName = "[No Variations]"
Add component (AddParameter): Name = "Tolerance"; Value = "0,1"; VariantName = "[No Variations]"
Add component (AddParameter): Name = "Value"; Value = "1 мк"; VariantName = "[No Variations]"
Add component (AddParameter): Name = "Voltage (V)"; Value = "50"; VariantName = "[No Variations]"
Added Component: Designator=C?(0603C)
Add component (AddParameter): Name = "Capacity (nF)"; Value = "100"; VariantName = "[No Variations]"
Add component (AddParameter): Name = "Case"; Value = ""; VariantName = "[No Variations]"
Add component (AddParameter): Name = "Datasheet"; Value = ""; VariantName = "[No Variations]"
Add component (AddParameter): Name = "Dielectric"; Value = "X7R"; VariantName = "[No Variations]"
Add component (AddParameter): Name = "Library Path2"; Value = "Schematic\Capacitor.SchLib"; VariantName = "[No Variations]"
Add component (AddParameter): Name = "Manufactore"; Value = ""; VariantName = "[No Variations]"
Add component (AddParameter): Name = "Notice"; Value = ""; VariantName = "[No Variations]"
Add component (AddParameter): Name = "Part Number"; Value = "Capacitor_0,1u_10_50V_X7R_0603C"; VariantName = "[No Variations]"
Add component (AddParameter): Name = "Rate"; Value = ""; VariantName = "[No Variations]"
Add component (AddParameter): Name = "Shop"; Value = ""; VariantName = "[No Variations]"
Add component (AddParameter): Name = "Tolerance"; Value = "0,1"; VariantName = "[No Variations]"
Add component (AddParameter): Name = "Value"; Value = "0,1 мк"; VariantName = "[No Variations]"
Add component (AddParameter): Name = "Voltage (V)"; Value = "50"; VariantName = "[No Variations]"
Added Component: Designator=C?(0603C)
Add component (AddParameter): Name = "Capacity (nF)"; Value = "100"; VariantName = "[No Variations]"
Add component (AddParameter): Name = "Case"; Value = ""; VariantName = "[No Variations]"
Add component (AddParameter): Name = "Datasheet"; Value = ""; VariantName = "[No Variations]"
Add component (AddParameter): Name = "Dielectric"; Value = "X7R"; VariantName = "[No Variations]"
Add component (AddParameter): Name = "Library Path2"; Value = "Schematic\Capacitor.SchLib"; VariantName = "[No Variations]"
Add component (AddParameter): Name = "Manufactore"; Value = ""; VariantName = "[No Variations]"
Add component (AddParameter): Name = "Notice"; Value = ""; VariantName = "[No Variations]"
Add component (AddParameter): Name = "Part Number"; Value = "Capacitor_0,1u_10_50V_X7R_0603C"; VariantName = "[No Variations]"
Add component (AddParameter): Name = "Rate"; Value = ""; VariantName = "[No Variations]"
Add component (AddParameter): Name = "Shop"; Value = ""; VariantName = "[No Variations]"
Add component (AddParameter): Name = "Tolerance"; Value = "0,1"; VariantName = "[No Variations]"
Add component (AddParameter): Name = "Value"; Value = "0,1 мк"; VariantName = "[No Variations]"
Add component (AddParameter): Name = "Voltage (V)"; Value = "50"; VariantName = "[No Variations]"
Added Component: Designator=C?(0603C)
Add component (AddParameter): Name = "Capacity (nF)"; Value = "100"; VariantName = "[No Variations]"
Add component (AddParameter): Name = "Case"; Value = ""; VariantName = "[No Variations]"
Add component (AddParameter): Name = "Datasheet"; Value = ""; VariantName = "[No Variations]"
Add component (AddParameter): Name = "Dielectric"; Value = "X7R"; VariantName = "[No Variations]"
Add component (AddParameter): Name = "Library Path2"; Value = "Schematic\Capacitor.SchLib"; VariantName = "[No Variations]"
Add component (AddParameter): Name = "Manufactore"; Value = ""; VariantName = "[No Variations]"
Add component (AddParameter): Name = "Notice"; Value = ""; VariantName = "[No Variations]"
Add component (AddParameter): Name = "Part Number"; Value = "Capacitor_0,1u_10_50V_X7R_0603C"; VariantName = "[No Variations]"
Add component (AddParameter): Name = "Rate"; Value = ""; VariantName = "[No Variations]"
Add component (AddParameter): Name = "Shop"; Value = ""; VariantName = "[No Variations]"
Add component (AddParameter): Name = "Tolerance"; Value = "0,1"; VariantName = "[No Variations]"
Add component (AddParameter): Name = "Value"; Value = "0,1 мк"; VariantName = "[No Variations]"
Add component (AddParameter): Name = "Voltage (V)"; Value = "50"; VariantName = "[No Variations]"
Added Component: Designator=D1(SOT223)
Add component (AddParameter): Name = "Part Number"; Value = "LD1117S50CTR"; VariantName = "[No Variations]"
Added Component: Designator=DA1(SOP4-2_54)
Add component (AddParameter): Name = "Check_prices"; Value = "https://www.snapeda.com/parts/LTV816/Lite-On/view-part/?ref=eda"; VariantName = "[No Variations]"
Add component (AddParameter): Name = "Part Number"; Value = "LTV354T"; VariantName = "[No Variations]"
Add component (AddParameter): Name = "SnapEDA_Link"; Value = "https://www.snapeda.com/parts/LTV816/Lite-On/view-part/?ref=snap"; VariantName = "[No Variations]"
Add component (AddParameter): Name = "Value"; Value = ""; VariantName = "[No Variations]"
Added Component: Designator=DD1(SC-70-5)
Add component (AddParameter): Name = "Part Number"; Value = "SN74LVC1G14DCKR"; VariantName = "[No Variations]"
Added Component: Designator=R1(0603R)
Add component (AddParameter): Name = "Case"; Value = ""; VariantName = "[No Variations]"
Add component (AddParameter): Name = "Datasheet"; Value = ""; VariantName = "[No Variations]"
Add component (AddParameter): Name = "Manufactore"; Value = ""; VariantName = "[No Variations]"
Add component (AddParameter): Name = "Notice"; Value = ""; VariantName = "[No Variations]"
Add component (AddParameter): Name = "Part Number"; Value = "Resistor_39k_1_0603"; VariantName = "[No Variations]"
Add component (AddParameter): Name = "Power"; Value = ""; VariantName = "[No Variations]"
Add component (AddParameter): Name = "Rate"; Value = ""; VariantName = "[No Variations]"
Add component (AddParameter): Name = "Shop"; Value = ""; VariantName = "[No Variations]"
Add component (AddParameter): Name = "Tolerance"; Value = "1%"; VariantName = "[No Variations]"
Add component (AddParameter): Name = "Value"; Value = "39 к"; VariantName = "[No Variations]"
Added Component: Designator=R2(0603R)
Add component (AddParameter): Name = "Case"; Value = ""; VariantName = "[No Variations]"
Add component (AddParameter): Name = "Datasheet"; Value = ""; VariantName = "[No Variations]"
Add component (AddParameter): Name = "Manufactore"; Value = ""; VariantName = "[No Variations]"
Add component (AddParameter): Name = "Notice"; Value = ""; VariantName = "[No Variations]"
Add component (AddParameter): Name = "Part Number"; Value = "Resistor_510k_1_0603"; VariantName = "[No Variations]"
Add component (AddParameter): Name = "Power"; Value = ""; VariantName = "[No Variations]"
Add component (AddParameter): Name = "Rate"; Value = ""; VariantName = "[No Variations]"
Add component (AddParameter): Name = "Shop"; Value = ""; VariantName = "[No Variations]"
Add component (AddParameter): Name = "Tolerance"; Value = "1%"; VariantName = "[No Variations]"
Add component (AddParameter): Name = "Value"; Value = "510 к"; VariantName = "[No Variations]"
Added Component: Designator=R3(0603R)
Add component (AddParameter): Name = "Case"; Value = ""; VariantName = "[No Variations]"
Add component (AddParameter): Name = "Datasheet"; Value = ""; VariantName = "[No Variations]"
Add component (AddParameter): Name = "Manufactore"; Value = ""; VariantName = "[No Variations]"
Add component (AddParameter): Name = "Notice"; Value = ""; VariantName = "[No Variations]"
Add component (AddParameter): Name = "Part Number"; Value = "Resistor_1.8k_1_0603"; VariantName = "[No Variations]"
Add component (AddParameter): Name = "Power"; Value = ""; VariantName = "[No Variations]"
Add component (AddParameter): Name = "Rate"; Value = ""; VariantName = "[No Variations]"
Add component (AddParameter): Name = "Shop"; Value = ""; VariantName = "[No Variations]"
Add component (AddParameter): Name = "Tolerance"; Value = "1%"; VariantName = "[No Variations]"
Add component (AddParameter): Name = "Value"; Value = "1,8 к"; VariantName = "[No Variations]"
Added Component: Designator=R4(0603R)
Add component (AddParameter): Name = "Case"; Value = ""; VariantName = "[No Variations]"
Add component (AddParameter): Name = "Datasheet"; Value = ""; VariantName = "[No Variations]"
Add component (AddParameter): Name = "Manufactore"; Value = ""; VariantName = "[No Variations]"
Add component (AddParameter): Name = "Notice"; Value = ""; VariantName = "[No Variations]"
Add component (AddParameter): Name = "Part Number"; Value = "Resistor_1.0k_1_0603"; VariantName = "[No Variations]"
Add component (AddParameter): Name = "Power"; Value = ""; VariantName = "[No Variations]"
Add component (AddParameter): Name = "Rate"; Value = ""; VariantName = "[No Variations]"
Add component (AddParameter): Name = "Shop"; Value = ""; VariantName = "[No Variations]"
Add component (AddParameter): Name = "Tolerance"; Value = "1%"; VariantName = "[No Variations]"
Add component (AddParameter): Name = "Value"; Value = "1,0 к"; VariantName = "[No Variations]"
Added Component: Designator=R5(0603R)
Add component (AddParameter): Name = "Case"; Value = ""; VariantName = "[No Variations]"
Add component (AddParameter): Name = "Datasheet"; Value = ""; VariantName = "[No Variations]"
Add component (AddParameter): Name = "Manufactore"; Value = ""; VariantName = "[No Variations]"
Add component (AddParameter): Name = "Notice"; Value = ""; VariantName = "[No Variations]"
Add component (AddParameter): Name = "Part Number"; Value = "Resistor_180_1_0603"; VariantName = "[No Variations]"
Add component (AddParameter): Name = "Power"; Value = ""; VariantName = "[No Variations]"
Add component (AddParameter): Name = "Rate"; Value = ""; VariantName = "[No Variations]"
Add component (AddParameter): Name = "Shop"; Value = ""; VariantName = "[No Variations]"
Add component (AddParameter): Name = "Tolerance"; Value = "1%"; VariantName = "[No Variations]"
Add component (AddParameter): Name = "Value"; Value = "180"; VariantName = "[No Variations]"
Added Component: Designator=R6(0603R)
Add component (AddParameter): Name = "Case"; Value = ""; VariantName = "[No Variations]"
Add component (AddParameter): Name = "Datasheet"; Value = ""; VariantName = "[No Variations]"
Add component (AddParameter): Name = "Manufactore"; Value = ""; VariantName = "[No Variations]"
Add component (AddParameter): Name = "Notice"; Value = ""; VariantName = "[No Variations]"
Add component (AddParameter): Name = "Part Number"; Value = "Resistor_100_1_0603"; VariantName = "[No Variations]"
Add component (AddParameter): Name = "Power"; Value = ""; VariantName = "[No Variations]"
Add component (AddParameter): Name = "Rate"; Value = ""; VariantName = "[No Variations]"
Add component (AddParameter): Name = "Shop"; Value = ""; VariantName = "[No Variations]"
Add component (AddParameter): Name = "Tolerance"; Value = "1%"; VariantName = "[No Variations]"
Add component (AddParameter): Name = "Value"; Value = "100"; VariantName = "[No Variations]"
Added Component: Designator=T1(EE16_transformer)
Add component (AddParameter): Name = "Current (A)"; Value = "10000"; VariantName = "[No Variations]"
Add component (AddParameter): Name = "Part Number"; Value = "HV_trans"; VariantName = "[No Variations]"
Add component (AddParameter): Name = "Value"; Value = "0"; VariantName = "[No Variations]"
Added Component: Designator=VD1(mini_MELF_3.5mm)
Add component (AddParameter): Name = "Accuracy"; Value = "0,02"; VariantName = "[No Variations]"
Add component (AddParameter): Name = "Current nominal (mA)"; Value = "5"; VariantName = "[No Variations]"
Add component (AddParameter): Name = "Part Number"; Value = "BZV55-B12"; VariantName = "[No Variations]"
Add component (AddParameter): Name = "Power (W)"; Value = "0.5"; VariantName = "[No Variations]"
Add component (AddParameter): Name = "Value"; Value = "12 В"; VariantName = "[No Variations]"
Add component (AddParameter): Name = "Voltage nominal (V)"; Value = "12"; VariantName = "[No Variations]"
Added Component: Designator=VS1(DPAK)
Add component (AddParameter): Name = "Part Number"; Value = "TS820-600B-TR"; VariantName = "[No Variations]"
Add component (AddParameter): Name = "Напряжение"; Value = "600 В"; VariantName = "[No Variations]"
Add component (AddParameter): Name = "Ток макс#"; Value = "8 А"; VariantName = "[No Variations]"
Added Component: Designator=XP1(MOLEX_430450418)
Add component (AddParameter): Name = "Part Number"; Value = "Molex_430450418"; VariantName = "[No Variations]"
Add component (AddParameter): Name = "Value1"; Value = "+300В"; VariantName = "[No Variations]"
Add component (AddParameter): Name = "Value2"; Value = "Поджиг, 13кВ"; VariantName = "[No Variations]"
Add component (AddParameter): Name = "Value3"; Value = "GND_HV"; VariantName = "[No Variations]"
Add component (AddParameter): Name = "Value4"; Value = "GND_HV"; VariantName = "[No Variations]"
Added Component: Designator=XP2(Molex_430450218)
Add component (AddParameter): Name = "Part Number"; Value = "Molex_430450218"; VariantName = "[No Variations]"
Add component (AddParameter): Name = "Value1"; Value = "Синхронизация"; VariantName = "[No Variations]"
Add component (AddParameter): Name = "Value2"; Value = "Общий"; VariantName = "[No Variations]"
Add component (AddParameter): Name = "Value3"; Value = "Корпус"; VariantName = "[No Variations]"
Add component (AddParameter): Name = "Value4"; Value = "Корпус"; VariantName = "[No Variations]"
Added Component: Designator=XP3(PLH4_type18)
Add component (AddParameter): Name = "Datasheet"; Value = "https://static.chipdip.ru/lib/530/DOC059530234.pdf"; VariantName = "[No Variations]"
Add component (AddParameter): Name = "Part Number"; Value = "PLH-4"; VariantName = "[No Variations]"
Add component (AddParameter): Name = "Value1"; Value = "+300В"; VariantName = "[No Variations]"
Add component (AddParameter): Name = "Value2"; Value = "+300В"; VariantName = "[No Variations]"
Add component (AddParameter): Name = "Value3"; Value = "GND_HV"; VariantName = "[No Variations]"
Add component (AddParameter): Name = "Value4"; Value = "GND_HV"; VariantName = "[No Variations]"
Added Component: Designator=XP4(PLH2_type18)
Add component (AddParameter): Name = "Datasheet"; Value = "https://static.chipdip.ru/lib/530/DOC059530234.pdf"; VariantName = "[No Variations]"
Add component (AddParameter): Name = "Part Number"; Value = "PLH-2"; VariantName = "[No Variations]"
Add component (AddParameter): Name = "Value1"; Value = "+15В"; VariantName = "[No Variations]"
Add component (AddParameter): Name = "Value2"; Value = "Общий"; VariantName = "[No Variations]"
Added Pin To Net: NetName=+5 Pin=C?-2
Added Pin To Net: NetName=+5 Pin=C?-2
Added Pin To Net: NetName=+5 Pin=D1-2
Added Pin To Net: NetName=+5 Pin=D1-2
Added Pin To Net: NetName=+5 Pin=DD1-5
Added Pin To Net: NetName=+5 Pin=R4-2
Added Net: Name=+5
Added Pin To Net: NetName=+15 Pin=C?-2
Added Pin To Net: NetName=+15 Pin=D1-3
Added Pin To Net: NetName=+15 Pin=XP4-1
Added Net: Name=+15
Added Pin To Net: NetName=+300 Pin=R1-2
Added Pin To Net: NetName=+300 Pin=R2-2
Added Pin To Net: NetName=+300 Pin=XP1-1
Added Pin To Net: NetName=+300 Pin=XP3-1
Added Pin To Net: NetName=+300 Pin=XP3-2
Added Net: Name=+300
Added Pin To Net: NetName=GND_HV Pin=C1-1
Added Pin To Net: NetName=GND_HV Pin=C2-1
Added Pin To Net: NetName=GND_HV Pin=R6-1
Added Pin To Net: NetName=GND_HV Pin=T1-10
Added Pin To Net: NetName=GND_HV Pin=VD1-1
Added Pin To Net: NetName=GND_HV Pin=VS1-1
Added Pin To Net: NetName=GND_HV Pin=XP1-0
Added Pin To Net: NetName=GND_HV Pin=XP1-0
Added Pin To Net: NetName=GND_HV Pin=XP1-3
Added Pin To Net: NetName=GND_HV Pin=XP1-4
Added Pin To Net: NetName=GND_HV Pin=XP3-3
Added Pin To Net: NetName=GND_HV Pin=XP3-4
Added Net: Name=GND_HV
Added Pin To Net: NetName=GND Pin=C?-1
Added Pin To Net: NetName=GND Pin=C?-1
Added Pin To Net: NetName=GND Pin=C?-1
Added Pin To Net: NetName=GND Pin=D1-1
Added Pin To Net: NetName=GND Pin=DA1-2
Added Pin To Net: NetName=GND Pin=DD1-1
Added Pin To Net: NetName=GND Pin=DD1-3
Added Pin To Net: NetName=GND Pin=XP2-0
Added Pin To Net: NetName=GND Pin=XP2-0
Added Pin To Net: NetName=GND Pin=XP2-2
Added Pin To Net: NetName=GND Pin=XP4-2
Added Net: Name=GND
Added Pin To Net: NetName=NetC1_2 Pin=C1-2
Added Pin To Net: NetName=NetC1_2 Pin=R2-1
Added Pin To Net: NetName=NetC1_2 Pin=T1-2
Added Net: Name=NetC1_2
Added Pin To Net: NetName=NetC2_2 Pin=C2-2
Added Pin To Net: NetName=NetC2_2 Pin=R1-1
Added Pin To Net: NetName=NetC2_2 Pin=R3-2
Added Pin To Net: NetName=NetC2_2 Pin=VD1-2
Added Net: Name=NetC2_2
Added Pin To Net: NetName=NetDA1_1 Pin=DA1-1
Added Pin To Net: NetName=NetDA1_1 Pin=R5-2
Added Net: Name=NetDA1_1
Added Pin To Net: NetName=NetDA1_3 Pin=DA1-3
Added Pin To Net: NetName=NetDA1_3 Pin=R6-2
Added Pin To Net: NetName=NetDA1_3 Pin=VS1-3
Added Net: Name=NetDA1_3
Added Pin To Net: NetName=NetDA1_4 Pin=DA1-4
Added Pin To Net: NetName=NetDA1_4 Pin=R3-1
Added Net: Name=NetDA1_4
Added Pin To Net: NetName=NetDD1_2 Pin=DD1-2
Added Pin To Net: NetName=NetDD1_2 Pin=R4-1
Added Pin To Net: NetName=NetDD1_2 Pin=XP2-1
Added Net: Name=NetDD1_2
Added Pin To Net: NetName=NetDD1_4 Pin=DD1-4
Added Pin To Net: NetName=NetDD1_4 Pin=R5-1
Added Net: Name=NetDD1_4
Added Pin To Net: NetName=NetT1_5 Pin=T1-5
Added Pin To Net: NetName=NetT1_5 Pin=VS1-2
Added Net: Name=NetT1_5
Added Pin To Net: NetName=NetT1_8 Pin=T1-8
Added Pin To Net: NetName=NetT1_8 Pin=XP1-2
Added Net: Name=NetT1_8
Added Class: Name=Synchronizer
Added Rule: Name=Schematic Supply Nets
Added Rule: Name=Schematic Supply Nets_1
Added Rule: Name=Schematic Supply Nets_2
Added Rule: Name=Schematic Supply Nets_3
Added Rule: Name=Schematic Supply Nets_4
